<?xml version="1.0" encoding="UTF-8"?>
<!-- Generated by org.testng.reporters.JUnitReportReporter -->
<testsuite skipped="0" hostname="LAPTOP-RUBEL" name="testCases.GET_REQUEST_SAMPLE" tests="1" failures="0" timestamp="2020-12-02T20:58:38 CST" time="3.664" errors="0">
  <testcase name="CHECK_FW" time="3.664" classname="testCases.GET_REQUEST_SAMPLE"/>
  <system-out/>
</testsuite> <!-- testCases.GET_REQUEST_SAMPLE -->
