<?xml version="1.0" encoding="UTF-8"?>
<!-- Generated by org.testng.reporters.JUnitReportReporter -->
<testsuite skipped="0" hostname="LAPTOP-RUBEL" name="testCases.GET_REQUEST" tests="5" failures="0" timestamp="2020-12-02T02:38:47 CST" time="4.231" errors="0">
  <testcase name="CREAT_CUST" time="1.828" classname="testCases.GET_REQUEST"/>
  <system-out/>
  <testcase name="CREAT_CUST" time="0.571" classname="testCases.GET_REQUEST"/>
  <system-out/>
  <testcase name="CREAT_CUST" time="0.577" classname="testCases.GET_REQUEST"/>
  <system-out/>
  <testcase name="CREAT_CUST" time="0.645" classname="testCases.GET_REQUEST"/>
  <system-out/>
  <testcase name="CREAT_CUST" time="0.610" classname="testCases.GET_REQUEST"/>
  <system-out/>
</testsuite> <!-- testCases.GET_REQUEST -->
