<?xml version="1.0" encoding="UTF-8"?>
<!-- Generated by org.testng.reporters.JUnitReportReporter -->
<testsuite skipped="0" hostname="LAPTOP-RUBEL" name="testCases.GET_REQUEST" tests="1" failures="0" timestamp="2020-12-02T21:42:13 CST" time="4.575" errors="0">
  <testcase name="GET_CUST" time="4.575" classname="testCases.GET_REQUEST"/>
  <system-out/>
</testsuite> <!-- testCases.GET_REQUEST -->
